I 2025/04/17 14:07:08 working.go:178: 
      ___                                   ___           ___           ___
     /  /\        ___           ___        /__/\         /  /\         /__/\
    /  /:/_      /  /\         /__/|       \  \:\       /  /::\        \  \:\
   /  /:/ /\    /  /:/        |  |:|        \  \:\     /  /:/\:\        \  \:\
  /  /:/ /::\  /__/::\        |  |:|    ___  \  \:\   /  /:/~/::\   _____\__\:\
 /__/:/ /:/\:\ \__\/\:\__   __|__|:|   /__/\  \__\:\ /__/:/ /:/\:\ /__/::::::::\
 \  \:\/:/~/:/    \  \:\/\ /__/::::\   \  \:\ /  /:/ \  \:\/:/__\/ \  \:\~~\~~\/
  \  \::/ /:/      \__\::/    ~\~~\:\   \  \:\  /:/   \  \::/       \  \:\  ~~~
   \__\/ /:/       /__/:/       \  \:\   \  \:\/:/     \  \:\        \  \:\
     /__/:/        \__\/         \__\/    \  \::/       \  \:\        \  \:\
     \__\/                                 \__\/         \__\/         \__\/
I 2025/04/17 14:07:08 runtime.go:87: kernel is booting:
    * ver [3.1.27]
    * arch [amd64]
    * os [Microsoft Windows 11 Home China]
    * pid [30980]
    * runtime mode [prod]
    * working directory [C:\Program Files\WindowsApps\89C2A984.SiYuan_3.1.27.0_x64__1qfd3tsw4ngc2\app\resources]
    * read only [false]
    * container [std]
    * database [ver=20220501]
    * workspace directory [D:\Zewang\PythonLearning]
I 2025/04/17 14:07:08 conf.go:168: initialized language [zh_CN] based on device locale
I 2025/04/17 14:07:08 conf.go:328: using Microsoft Store edition
I 2025/04/17 14:07:08 runtime.go:139: use network proxy [system]
I 2025/04/17 14:07:08 serve.go:209: kernel [pid=30980] http server [127.0.0.1:53368] is booting
I 2025/04/17 14:07:08 blocktree.go:75: reinitialized database [D:\Zewang\PythonLearning\temp\blocktree.db]
I 2025/04/17 14:07:08 database.go:92: the database structure is changed, rebuilding database...
I 2025/04/17 14:07:08 database.go:109: reinitialized database [D:\Zewang\PythonLearning\temp\siyuan.db]
I 2025/04/17 14:07:08 conf.go:873: tree/block count [0/0]
I 2025/04/17 14:07:08 working.go:224: kernel booted
I 2025/04/17 14:07:08 box.go:77: auto stat [trees=0, blocks=0, dataSize=36.87 kB, assetsSize=0 B]
I 2025/04/17 14:07:08 disk.go:33: disk usage [total=593.22 GB, used=270.8 GB, free=322.42 GB]
I 2025/04/17 14:07:08 font.go:58: loaded system fonts [210] in [244ms]
I 2025/04/17 14:07:09 fixedport.go:35: fixed port service [127.0.0.1:6806] is running
I 2025/04/17 14:07:09 pandoc.go:186: initialized built-in pandoc [ver=3.5, bin=D:\Zewang\PythonLearning\temp\pandoc\bin\pandoc.exe]
I 2025/04/17 14:07:09 conf.go:1136: pandoc initialized, set pandoc bin to [D:\Zewang\PythonLearning\temp\pandoc\bin\pandoc.exe]
I 2025/04/17 14:07:09 index.go:220: rebuilt database for notebook [20210808180117-czj9bvb] in [0.06s], tree [count=70, size=1.51 MB]
I 2025/04/17 14:07:10 index.go:290: resolved refs [38] in [54ms]
I 2025/04/17 14:08:18 mount.go:65: created box [20250417140818-nb62lz8]
I 2025/04/17 14:08:18 index.go:220: rebuilt database for notebook [20250417140818-nb62lz8] in [0.01s], tree [count=0, size=0 B]
I 2025/04/17 14:08:18 index.go:290: resolved refs [38] in [54ms]
I 2025/04/17 14:09:45 conf.go:618: exiting kernel [force=false, setCurrentWorkspace=true, execInstallPkg=0]
I 2025/04/17 14:09:45 conf.go:1126: closed user guide box [20210808180117-czj9bvb]
I 2025/04/17 14:09:45 database.go:1322: closed database
I 2025/04/17 14:09:45 conf.go:1057: cleared workspace temp
I 2025/04/17 14:09:46 sync.go:798: sync websocket closed
I 2025/04/17 14:09:50 working.go:178: 
      ___                                   ___           ___           ___
     /  /\        ___           ___        /__/\         /  /\         /__/\
    /  /:/_      /  /\         /__/|       \  \:\       /  /::\        \  \:\
   /  /:/ /\    /  /:/        |  |:|        \  \:\     /  /:/\:\        \  \:\
  /  /:/ /::\  /__/::\        |  |:|    ___  \  \:\   /  /:/~/::\   _____\__\:\
 /__/:/ /:/\:\ \__\/\:\__   __|__|:|   /__/\  \__\:\ /__/:/ /:/\:\ /__/::::::::\
 \  \:\/:/~/:/    \  \:\/\ /__/::::\   \  \:\ /  /:/ \  \:\/:/__\/ \  \:\~~\~~\/
  \  \::/ /:/      \__\::/    ~\~~\:\   \  \:\  /:/   \  \::/       \  \:\  ~~~
   \__\/ /:/       /__/:/       \  \:\   \  \:\/:/     \  \:\        \  \:\
     /__/:/        \__\/         \__\/    \  \::/       \  \:\        \  \:\
     \__\/                                 \__\/         \__\/         \__\/
I 2025/04/17 14:09:50 runtime.go:87: kernel is booting:
    * ver [3.1.27]
    * arch [amd64]
    * os [Microsoft Windows 11 Home China]
    * pid [27760]
    * runtime mode [prod]
    * working directory [C:\Program Files\WindowsApps\89C2A984.SiYuan_3.1.27.0_x64__1qfd3tsw4ngc2\app\resources]
    * read only [false]
    * container [std]
    * database [ver=20220501]
    * workspace directory [D:\Zewang\PythonLearning]
I 2025/04/17 14:09:50 conf.go:129: loaded conf [D:\Zewang\PythonLearning\conf\conf.json]
I 2025/04/17 14:09:50 conf.go:328: using Microsoft Store edition
I 2025/04/17 14:09:50 runtime.go:139: use network proxy [system]
I 2025/04/17 14:09:50 serve.go:209: kernel [pid=27760] http server [127.0.0.1:54560] is booting
I 2025/04/17 14:09:51 working.go:545: database [D:\Zewang\PythonLearning\temp\siyuan.db] size [8.77 MB]
I 2025/04/17 14:09:51 working.go:545: database [D:\Zewang\PythonLearning\temp\blocktree.db] size [725 kB]
I 2025/04/17 14:09:51 working.go:545: database [D:\Zewang\PythonLearning\temp\history.db] size [24.58 kB]
I 2025/04/17 14:09:51 working.go:545: database [D:\Zewang\PythonLearning\temp\asset_content.db] size [24.58 kB]
I 2025/04/17 14:09:51 conf.go:873: tree/block count [1/2]
I 2025/04/17 14:09:51 working.go:224: kernel booted
I 2025/04/17 14:09:51 pandoc.go:146: built-in pandoc [ver=3.5, bin=D:\Zewang\PythonLearning\temp\pandoc\bin\pandoc.exe]
I 2025/04/17 14:09:51 conf.go:1136: pandoc initialized, set pandoc bin to [D:\Zewang\PythonLearning\temp\pandoc\bin\pandoc.exe]
I 2025/04/17 14:09:51 box.go:77: auto stat [trees=1, blocks=2, dataSize=63.31 kB, assetsSize=0 B]
I 2025/04/17 14:09:51 disk.go:33: disk usage [total=593.22 GB, used=270.94 GB, free=322.28 GB]
I 2025/04/17 14:09:51 font.go:58: loaded system fonts [210] in [193ms]
I 2025/04/17 14:09:51 fixedport.go:35: fixed port service [127.0.0.1:6806] is running
I 2025/04/17 17:56:02 box.go:77: auto stat [trees=4, blocks=189, dataSize=91.59 kB, assetsSize=0 B]
I 2025/04/17 17:56:02 disk.go:33: disk usage [total=593.22 GB, used=270.96 GB, free=322.27 GB]
E 2025/04/17 17:56:05 rhy.go:50: get version info failed: Get "https://siyuan-sync.b3logfile.com/apis/siyuan/version?ver=3.1.27": dial tcp: lookup siyuan-sync.b3logfile.com: no such host
I 2025/04/17 17:58:04 cloud_service.go:386: get cloud user elapsed [3084ms]
I 2025/04/17 19:56:01 box.go:77: auto stat [trees=5, blocks=686, dataSize=125.24 kB, assetsSize=0 B]
I 2025/04/17 19:56:01 disk.go:33: disk usage [total=593.22 GB, used=270.99 GB, free=322.23 GB]
I 2025/04/17 20:01:43 conf.go:618: exiting kernel [force=false, setCurrentWorkspace=true, execInstallPkg=0]
I 2025/04/17 20:01:43 database.go:1322: closed database
I 2025/04/17 20:01:43 conf.go:1057: cleared workspace temp
I 2025/04/17 20:01:44 sync.go:798: sync websocket closed
I 2025/04/20 21:13:04 working.go:178: 
      ___                                   ___           ___           ___
     /  /\        ___           ___        /__/\         /  /\         /__/\
    /  /:/_      /  /\         /__/|       \  \:\       /  /::\        \  \:\
   /  /:/ /\    /  /:/        |  |:|        \  \:\     /  /:/\:\        \  \:\
  /  /:/ /::\  /__/::\        |  |:|    ___  \  \:\   /  /:/~/::\   _____\__\:\
 /__/:/ /:/\:\ \__\/\:\__   __|__|:|   /__/\  \__\:\ /__/:/ /:/\:\ /__/::::::::\
 \  \:\/:/~/:/    \  \:\/\ /__/::::\   \  \:\ /  /:/ \  \:\/:/__\/ \  \:\~~\~~\/
  \  \::/ /:/      \__\::/    ~\~~\:\   \  \:\  /:/   \  \::/       \  \:\  ~~~
   \__\/ /:/       /__/:/       \  \:\   \  \:\/:/     \  \:\        \  \:\
     /__/:/        \__\/         \__\/    \  \::/       \  \:\        \  \:\
     \__\/                                 \__\/         \__\/         \__\/
I 2025/04/20 21:13:04 runtime.go:87: kernel is booting:
    * ver [3.1.27]
    * arch [amd64]
    * os [Microsoft Windows 11 Home China]
    * pid [27284]
    * runtime mode [prod]
    * working directory [C:\Program Files\WindowsApps\89C2A984.SiYuan_3.1.27.0_x64__1qfd3tsw4ngc2\app\resources]
    * read only [false]
    * container [std]
    * database [ver=20220501]
    * workspace directory [D:\Zewang\PythonLearning]
I 2025/04/20 21:13:04 conf.go:129: loaded conf [D:\Zewang\PythonLearning\conf\conf.json]
I 2025/04/20 21:13:04 conf.go:328: using Microsoft Store edition
I 2025/04/20 21:13:04 runtime.go:139: use network proxy [system]
I 2025/04/20 21:13:04 serve.go:209: kernel [pid=27284] http server [127.0.0.1:58508] is booting
I 2025/04/20 21:13:05 working.go:545: database [D:\Zewang\PythonLearning\temp\siyuan.db] size [8.77 MB]
I 2025/04/20 21:13:05 working.go:545: database [D:\Zewang\PythonLearning\temp\blocktree.db] size [725 kB]
I 2025/04/20 21:13:05 working.go:545: database [D:\Zewang\PythonLearning\temp\history.db] size [118.79 kB]
I 2025/04/20 21:13:05 working.go:545: database [D:\Zewang\PythonLearning\temp\asset_content.db] size [24.58 kB]
I 2025/04/20 21:13:05 conf.go:873: tree/block count [5/562]
I 2025/04/20 21:13:05 working.go:224: kernel booted
I 2025/04/20 21:13:05 pandoc.go:146: built-in pandoc [ver=3.5, bin=D:\Zewang\PythonLearning\temp\pandoc\bin\pandoc.exe]
I 2025/04/20 21:13:05 conf.go:1136: pandoc initialized, set pandoc bin to [D:\Zewang\PythonLearning\temp\pandoc\bin\pandoc.exe]
I 2025/04/20 21:13:05 box.go:77: auto stat [trees=5, blocks=562, dataSize=132.52 kB, assetsSize=0 B]
I 2025/04/20 21:13:05 disk.go:33: disk usage [total=593.22 GB, used=287 GB, free=306.23 GB]
I 2025/04/20 21:13:05 font.go:58: loaded system fonts [210] in [444ms]
I 2025/04/20 21:13:05 fixedport.go:35: fixed port service [127.0.0.1:6806] is running
I 2025/04/20 21:15:19 conf.go:618: exiting kernel [force=false, setCurrentWorkspace=true, execInstallPkg=0]
I 2025/04/20 21:15:19 database.go:1322: closed database
I 2025/04/20 21:15:19 conf.go:1057: cleared workspace temp
I 2025/04/20 21:15:20 sync.go:798: sync websocket closed
I 2025/04/21 13:39:30 working.go:178: 
      ___                                   ___           ___           ___
     /  /\        ___           ___        /__/\         /  /\         /__/\
    /  /:/_      /  /\         /__/|       \  \:\       /  /::\        \  \:\
   /  /:/ /\    /  /:/        |  |:|        \  \:\     /  /:/\:\        \  \:\
  /  /:/ /::\  /__/::\        |  |:|    ___  \  \:\   /  /:/~/::\   _____\__\:\
 /__/:/ /:/\:\ \__\/\:\__   __|__|:|   /__/\  \__\:\ /__/:/ /:/\:\ /__/::::::::\
 \  \:\/:/~/:/    \  \:\/\ /__/::::\   \  \:\ /  /:/ \  \:\/:/__\/ \  \:\~~\~~\/
  \  \::/ /:/      \__\::/    ~\~~\:\   \  \:\  /:/   \  \::/       \  \:\  ~~~
   \__\/ /:/       /__/:/       \  \:\   \  \:\/:/     \  \:\        \  \:\
     /__/:/        \__\/         \__\/    \  \::/       \  \:\        \  \:\
     \__\/                                 \__\/         \__\/         \__\/
I 2025/04/21 13:39:30 runtime.go:87: kernel is booting:
    * ver [3.1.28]
    * arch [amd64]
    * os [Microsoft Windows 11 Home China]
    * pid [26328]
    * runtime mode [prod]
    * working directory [C:\Program Files\WindowsApps\89C2A984.SiYuan_3.1.28.0_x64__1qfd3tsw4ngc2\app\resources]
    * read only [false]
    * container [std]
    * database [ver=20220501]
    * workspace directory [D:\Zewang\PythonLearning]
I 2025/04/21 13:39:30 conf.go:129: loaded conf [D:\Zewang\PythonLearning\conf\conf.json]
I 2025/04/21 13:39:30 conf.go:289: upgraded from version [3.1.27] to [3.1.28]
I 2025/04/21 13:39:30 conf.go:328: using Microsoft Store edition
I 2025/04/21 13:39:30 runtime.go:139: use network proxy [system]
I 2025/04/21 13:39:30 serve.go:209: kernel [pid=26328] http server [127.0.0.1:61600] is booting
I 2025/04/21 13:39:30 working.go:545: database [D:\Zewang\PythonLearning\temp\siyuan.db] size [8.77 MB]
I 2025/04/21 13:39:30 working.go:545: database [D:\Zewang\PythonLearning\temp\blocktree.db] size [725 kB]
I 2025/04/21 13:39:30 working.go:545: database [D:\Zewang\PythonLearning\temp\history.db] size [118.79 kB]
I 2025/04/21 13:39:30 working.go:545: database [D:\Zewang\PythonLearning\temp\asset_content.db] size [24.58 kB]
I 2025/04/21 13:39:30 conf.go:873: tree/block count [5/562]
I 2025/04/21 13:39:30 working.go:224: kernel booted
I 2025/04/21 13:39:30 pandoc.go:146: built-in pandoc [ver=3.5, bin=D:\Zewang\PythonLearning\temp\pandoc\bin\pandoc.exe]
I 2025/04/21 13:39:30 conf.go:1136: pandoc initialized, set pandoc bin to [D:\Zewang\PythonLearning\temp\pandoc\bin\pandoc.exe]
I 2025/04/21 13:39:30 box.go:77: auto stat [trees=5, blocks=562, dataSize=827.75 kB, assetsSize=0 B]
I 2025/04/21 13:39:30 disk.go:33: disk usage [total=593.22 GB, used=287.22 GB, free=306.01 GB]
I 2025/04/21 13:39:31 font.go:58: loaded system fonts [210] in [337ms]
I 2025/04/21 13:39:31 fixedport.go:35: fixed port service [127.0.0.1:6806] is running
I 2025/04/21 13:42:43 file.go:1576: removed doc [20250417140818-nb62lz8/20250417141009-jyxz2s3/20250421133952-9tgx1r8/20250421134230-qalfvk2.sy]
I 2025/04/21 15:39:30 box.go:77: auto stat [trees=6, blocks=796, dataSize=919.09 kB, assetsSize=0 B]
I 2025/04/21 15:39:30 disk.go:33: disk usage [total=593.22 GB, used=284.94 GB, free=308.29 GB]
I 2025/04/21 17:52:56 box.go:77: auto stat [trees=6, blocks=796, dataSize=919.09 kB, assetsSize=0 B]
I 2025/04/21 17:52:56 disk.go:33: disk usage [total=593.22 GB, used=284.94 GB, free=308.29 GB]
I 2025/04/21 19:52:56 box.go:77: auto stat [trees=6, blocks=796, dataSize=915 kB, assetsSize=0 B]
I 2025/04/21 19:52:56 disk.go:33: disk usage [total=593.22 GB, used=286.62 GB, free=306.61 GB]
I 2025/04/21 21:52:56 box.go:77: auto stat [trees=7, blocks=823, dataSize=918.34 kB, assetsSize=0 B]
I 2025/04/21 21:52:56 disk.go:33: disk usage [total=593.22 GB, used=288.98 GB, free=304.25 GB]
I 2025/04/21 23:46:40 conf.go:618: exiting kernel [force=false, setCurrentWorkspace=true, execInstallPkg=0]
I 2025/04/21 23:46:40 database.go:1322: closed database
I 2025/04/21 23:46:40 conf.go:1057: cleared workspace temp
I 2025/04/21 23:46:41 sync.go:798: sync websocket closed
I 2025/04/22 18:55:17 working.go:178: 
      ___                                   ___           ___           ___
     /  /\        ___           ___        /__/\         /  /\         /__/\
    /  /:/_      /  /\         /__/|       \  \:\       /  /::\        \  \:\
   /  /:/ /\    /  /:/        |  |:|        \  \:\     /  /:/\:\        \  \:\
  /  /:/ /::\  /__/::\        |  |:|    ___  \  \:\   /  /:/~/::\   _____\__\:\
 /__/:/ /:/\:\ \__\/\:\__   __|__|:|   /__/\  \__\:\ /__/:/ /:/\:\ /__/::::::::\
 \  \:\/:/~/:/    \  \:\/\ /__/::::\   \  \:\ /  /:/ \  \:\/:/__\/ \  \:\~~\~~\/
  \  \::/ /:/      \__\::/    ~\~~\:\   \  \:\  /:/   \  \::/       \  \:\  ~~~
   \__\/ /:/       /__/:/       \  \:\   \  \:\/:/     \  \:\        \  \:\
     /__/:/        \__\/         \__\/    \  \::/       \  \:\        \  \:\
     \__\/                                 \__\/         \__\/         \__\/
I 2025/04/22 18:55:17 runtime.go:87: kernel is booting:
    * ver [3.1.28]
    * arch [amd64]
    * os [Microsoft Windows 11 Home China]
    * pid [15732]
    * runtime mode [prod]
    * working directory [C:\Program Files\WindowsApps\89C2A984.SiYuan_3.1.28.0_x64__1qfd3tsw4ngc2\app\resources]
    * read only [false]
    * container [std]
    * database [ver=20220501]
    * workspace directory [D:\Zewang\PythonLearning]
I 2025/04/22 18:55:17 conf.go:129: loaded conf [D:\Zewang\PythonLearning\conf\conf.json]
I 2025/04/22 18:55:17 conf.go:328: using Microsoft Store edition
I 2025/04/22 18:55:17 runtime.go:139: use network proxy [system]
I 2025/04/22 18:55:17 serve.go:209: kernel [pid=15732] http server [127.0.0.1:58789] is booting
I 2025/04/22 18:55:17 working.go:545: database [D:\Zewang\PythonLearning\temp\siyuan.db] size [8.77 MB]
I 2025/04/22 18:55:17 working.go:545: database [D:\Zewang\PythonLearning\temp\blocktree.db] size [725 kB]
I 2025/04/22 18:55:17 working.go:545: database [D:\Zewang\PythonLearning\temp\history.db] size [167.94 kB]
I 2025/04/22 18:55:17 working.go:545: database [D:\Zewang\PythonLearning\temp\asset_content.db] size [24.58 kB]
I 2025/04/22 18:55:17 conf.go:873: tree/block count [7/936]
I 2025/04/22 18:55:17 working.go:224: kernel booted
I 2025/04/22 18:55:17 box.go:77: auto stat [trees=7, blocks=936, dataSize=928.74 kB, assetsSize=0 B]
I 2025/04/22 18:55:17 disk.go:33: disk usage [total=593.22 GB, used=286.1 GB, free=307.13 GB]
I 2025/04/22 18:55:17 pandoc.go:146: built-in pandoc [ver=3.5, bin=D:\Zewang\PythonLearning\temp\pandoc\bin\pandoc.exe]
I 2025/04/22 18:55:17 conf.go:1136: pandoc initialized, set pandoc bin to [D:\Zewang\PythonLearning\temp\pandoc\bin\pandoc.exe]
I 2025/04/22 18:55:17 font.go:58: loaded system fonts [210] in [362ms]
I 2025/04/22 18:55:18 fixedport.go:35: fixed port service [127.0.0.1:6806] is running
